# JRE version: OpenJDK Runtime Environment (8.0_111-b14) (build 1.8.0_111-8u111-b14-3~14.04.1-b14)
# Java VM: OpenJDK 64-Bit Server VM (25.111-b14 mixed mode linux-amd64 compressed oops)
Heap:
 PSYoungGen      total 109568K, used 103911K [0x00000000eb600000, 0x00000000f3b00000, 0x0000000100000000)
  eden space 100352K, 94% used [0x00000000eb600000,0x00000000f1279e50,0x00000000f1800000)
  from space 9216K, 100% used [0x00000000f2f80000,0x00000000f3880000,0x00000000f3880000)
  to   space 2560K, 0% used [0x00000000f3880000,0x00000000f3880000,0x00000000f3b00000)
 ParOldGen       total 45568K, used 13051K [0x00000000c2200000, 0x00000000c4e80000, 0x00000000eb600000)
  object space 45568K, 28% used [0x00000000c2200000,0x00000000c2ebee38,0x00000000c4e80000)
 Metaspace       used 33046K, capacity 33660K, committed 33792K, reserved 1079296K
  class space    used 4577K, capacity 4818K, committed 4864K, reserved 1048576K
GC Heap History (10 events):
Event: 7.545 GC heap before
{Heap before GC invocations=4 (full 0):
 PSYoungGen      total 34304K, used 34288K [0x00000000eb600000, 0x00000000ef900000, 0x0000000100000000)
  eden space 31744K, 100% used [0x00000000eb600000,0x00000000ed500000,0x00000000ed500000)
  from space 2560K, 99% used [0x00000000ed500000,0x00000000ed77c030,0x00000000ed780000)
  to   space 2560K, 0% used [0x00000000ef680000,0x00000000ef680000,0x00000000ef900000)
 ParOldGen       total 42496K, used 4579K [0x00000000c2200000, 0x00000000c4b80000, 0x00000000eb600000)
  object space 42496K, 10% used [0x00000000c2200000,0x00000000c2678ef8,0x00000000c4b80000)
 Metaspace       used 16725K, capacity 16908K, committed 17280K, reserved 1064960K
  class space    used 2251K, capacity 2307K, committed 2432K, reserved 1048576K
Event: 7.632 GC heap after
Heap after GC invocations=4 (full 0):
 PSYoungGen      total 66048K, used 2544K [0x00000000eb600000, 0x00000000ef900000, 0x0000000100000000)
  eden space 63488K, 0% used [0x00000000eb600000,0x00000000eb600000,0x00000000ef400000)
  from space 2560K, 99% used [0x00000000ef680000,0x00000000ef8fc010,0x00000000ef900000)
  to   space 2560K, 0% used [0x00000000ef400000,0x00000000ef400000,0x00000000ef680000)
 ParOldGen       total 42496K, used 9406K [0x00000000c2200000, 0x00000000c4b80000, 0x00000000eb600000)
  object space 42496K, 22% used [0x00000000c2200000,0x00000000c2b2f908,0x00000000c4b80000)
 Metaspace       used 16725K, capacity 16908K, committed 17280K, reserved 1064960K
  class space    used 2251K, capacity 2307K, committed 2432K, reserved 1048576K
}
Event: 13.144 GC heap before
{Heap before GC invocations=5 (full 0):
 PSYoungGen      total 66048K, used 32163K [0x00000000eb600000, 0x00000000ef900000, 0x0000000100000000)
  eden space 63488K, 46% used [0x00000000eb600000,0x00000000ed2ecc28,0x00000000ef400000)
  from space 2560K, 99% used [0x00000000ef680000,0x00000000ef8fc010,0x00000000ef900000)
  to   space 2560K, 0% used [0x00000000ef400000,0x00000000ef400000,0x00000000ef680000)
 ParOldGen       total 42496K, used 9406K [0x00000000c2200000, 0x00000000c4b80000, 0x00000000eb600000)
  object space 42496K, 22% used [0x00000000c2200000,0x00000000c2b2f908,0x00000000c4b80000)
 Metaspace       used 20926K, capacity 21130K, committed 21296K, reserved 1067008K
  class space    used 2781K, capacity 2858K, committed 2944K, reserved 1048576K
Event: 14.200 GC heap after
Heap after GC invocations=5 (full 0):
 PSYoungGen      total 66048K, used 2528K [0x00000000eb600000, 0x00000000f4300000, 0x0000000100000000)
  eden space 63488K, 0% used [0x00000000eb600000,0x00000000eb600000,0x00000000ef400000)
  from space 2560K, 98% used [0x00000000ef400000,0x00000000ef678030,0x00000000ef680000)
  to   space 8704K, 0% used [0x00000000f3a80000,0x00000000f3a80000,0x00000000f4300000)
 ParOldGen       total 42496K, used 13268K [0x00000000c2200000, 0x00000000c4b80000, 0x00000000eb600000)
  object space 42496K, 31% used [0x00000000c2200000,0x00000000c2ef5368,0x00000000c4b80000)
 Metaspace       used 20926K, capacity 21130K, committed 21296K, reserved 1067008K
  class space    used 2781K, capacity 2858K, committed 2944K, reserved 1048576K
}
Event: 14.204 GC heap before
{Heap before GC invocations=6 (full 1):
 PSYoungGen      total 66048K, used 2528K [0x00000000eb600000, 0x00000000f4300000, 0x0000000100000000)
  eden space 63488K, 0% used [0x00000000eb600000,0x00000000eb600000,0x00000000ef400000)
  from space 2560K, 98% used [0x00000000ef400000,0x00000000ef678030,0x00000000ef680000)
  to   space 8704K, 0% used [0x00000000f3a80000,0x00000000f3a80000,0x00000000f4300000)
 ParOldGen       total 42496K, used 13268K [0x00000000c2200000, 0x00000000c4b80000, 0x00000000eb600000)
  object space 42496K, 31% used [0x00000000c2200000,0x00000000c2ef5368,0x00000000c4b80000)
 Metaspace       used 20926K, capacity 21130K, committed 21296K, reserved 1067008K
  class space    used 2781K, capacity 2858K, committed 2944K, reserved 1048576K
Event: 16.417 GC heap after
Heap after GC invocations=6 (full 1):
 PSYoungGen      total 66048K, used 0K [0x00000000eb600000, 0x00000000f4300000, 0x0000000100000000)
  eden space 63488K, 0% used [0x00000000eb600000,0x00000000eb600000,0x00000000ef400000)
  from space 2560K, 0% used [0x00000000ef400000,0x00000000ef400000,0x00000000ef680000)
  to   space 8704K, 0% used [0x00000000f3a80000,0x00000000f3a80000,0x00000000f4300000)
 ParOldGen       total 45568K, used 11649K [0x00000000c2200000, 0x00000000c4e80000, 0x00000000eb600000)
  object space 45568K, 25% used [0x00000000c2200000,0x00000000c2d60610,0x00000000c4e80000)
 Metaspace       used 20926K, capacity 21130K, committed 21296K, reserved 1067008K
  class space    used 2781K, capacity 2858K, committed 2944K, reserved 1048576K
}
Event: 24.800 GC heap before
{Heap before GC invocations=7 (full 1):
 PSYoungGen      total 66048K, used 63488K [0x00000000eb600000, 0x00000000f4300000, 0x0000000100000000)
  eden space 63488K, 100% used [0x00000000eb600000,0x00000000ef400000,0x00000000ef400000)
  from space 2560K, 0% used [0x00000000ef400000,0x00000000ef400000,0x00000000ef680000)
  to   space 8704K, 0% used [0x00000000f3a80000,0x00000000f3a80000,0x00000000f4300000)
 ParOldGen       total 45568K, used 11649K [0x00000000c2200000, 0x00000000c4e80000, 0x00000000eb600000)
  object space 45568K, 25% used [0x00000000c2200000,0x00000000c2d60610,0x00000000c4e80000)
 Metaspace       used 26132K, capacity 26474K, committed 26752K, reserved 1073152K
  class space    used 3467K, capacity 3633K, committed 3712K, reserved 1048576K
Event: 24.962 GC heap after
Heap after GC invocations=7 (full 1):
 PSYoungGen      total 86528K, used 6957K [0x00000000eb600000, 0x00000000f4180000, 0x0000000100000000)
  eden space 79360K, 0% used [0x00000000eb600000,0x00000000eb600000,0x00000000f0380000)
  from space 7168K, 97% used [0x00000000f3a80000,0x00000000f414b7d8,0x00000000f4180000)
  to   space 9216K, 0% used [0x00000000f2f80000,0x00000000f2f80000,0x00000000f3880000)
 ParOldGen       total 45568K, used 11649K [0x00000000c2200000, 0x00000000c4e80000, 0x00000000eb600000)
  object space 45568K, 25% used [0x00000000c2200000,0x00000000c2d60610,0x00000000c4e80000)
 Metaspace       used 26132K, capacity 26474K, committed 26752K, reserved 1073152K
  class space    used 3467K, capacity 3633K, committed 3712K, reserved 1048576K
}
Event: 26.862 GC heap before
{Heap before GC invocations=8 (full 1):
 PSYoungGen      total 86528K, used 86317K [0x00000000eb600000, 0x00000000f4180000, 0x0000000100000000)
  eden space 79360K, 100% used [0x00000000eb600000,0x00000000f0380000,0x00000000f0380000)
  from space 7168K, 97% used [0x00000000f3a80000,0x00000000f414b7d8,0x00000000f4180000)
  to   space 9216K, 0% used [0x00000000f2f80000,0x00000000f2f80000,0x00000000f3880000)
 ParOldGen       total 45568K, used 11649K [0x00000000c2200000, 0x00000000c4e80000, 0x00000000eb600000)
  object space 45568K, 25% used [0x00000000c2200000,0x00000000c2d60610,0x00000000c4e80000)
 Metaspace       used 28186K, capacity 28602K, committed 28800K, reserved 1075200K
  class space    used 3809K, capacity 3957K, committed 3968K, reserved 1048576K
Event: 26.996 GC heap after
Heap after GC invocations=8 (full 1):
 PSYoungGen      total 109568K, used 9216K [0x00000000eb600000, 0x00000000f3b00000, 0x0000000100000000)
  eden space 100352K, 0% used [0x00000000eb600000,0x00000000eb600000,0x00000000f1800000)
  from space 9216K, 100% used [0x00000000f2f80000,0x00000000f3880000,0x00000000f3880000)
  to   space 2560K, 0% used [0x00000000f3880000,0x00000000f3880000,0x00000000f3b00000)
 ParOldGen       total 45568K, used 13051K [0x00000000c2200000, 0x00000000c4e80000, 0x00000000eb600000)
  object space 45568K, 28% used [0x00000000c2200000,0x00000000c2ebee38,0x00000000c4e80000)
 Metaspace       used 28186K, capacity 28602K, committed 28800K, reserved 1075200K
  class space    used 3809K, capacity 3957K, committed 3968K, reserved 1048576K
}

